<?xml version="1.0" encoding="UTF-8"?>
<testsuite name="projeto.AppTest" tests="1" skipped="0" failures="0" errors="0" timestamp="2023-09-08T12:31:35" hostname="PHNOT5" time="0.012">
  <properties/>
  <testcase name="appHasAGreeting" classname="projeto.AppTest" time="0.012"/>
  <system-out><![CDATA[]]></system-out>
  <system-err><![CDATA[]]></system-err>
</testsuite>
